<?xml version="1.0" encoding="UTF-8"?>
<!-- Generated by org.testng.reporters.JUnitReportReporter -->
<testsuite hostname="DESKTOP-GKU721D" name="cn.nhsoft.amazoncloud.apitest.positem.PosItemTest" tests="3" failures="0" timestamp="20 Jun 2020 06:48:12 GMT" time="0.574" errors="0">
  <testcase name="test_feed_1" time="0.026" classname="cn.nhsoft.amazoncloud.apitest.positem.PosItemTest"/>
  <testcase name="test_feed_1" time="0.020" classname="cn.nhsoft.amazoncloud.apitest.positem.PosItemTest"/>
  <testcase name="test_feed_1" time="0.528" classname="cn.nhsoft.amazoncloud.apitest.positem.PosItemTest"/>
</testsuite> <!-- cn.nhsoft.amazoncloud.apitest.positem.PosItemTest -->
