<?xml version="1.0" encoding="UTF-8"?>
<!-- Generated by org.testng.reporters.JUnitReportReporter -->
<testsuite hostname="DESKTOP-GKU721D" name="cn.nhsoft.amazoncloud.apitest.positem.PosItemTest2" tests="2" failures="0" timestamp="20 Jun 2020 07:25:15 GMT" time="0.887" errors="0">
  <testcase name="test_feed_1" time="0.275" classname="cn.nhsoft.amazoncloud.apitest.positem.PosItemTest2"/>
  <testcase name="test_feed_1" time="0.612" classname="cn.nhsoft.amazoncloud.apitest.positem.PosItemTest2"/>
</testsuite> <!-- cn.nhsoft.amazoncloud.apitest.positem.PosItemTest2 -->
